build/app/outputs/mapping/release/seeds.txt
io.flutter.embedding.engine.renderer.FlutterRenderer$DisplayFeatureState: io.flutter.embedding.engine.renderer.FlutterRenderer$DisplayFeatureState valueOf(java.lang.String)
androidx.window.embedding.MatcherUtils: MatcherUtils()
kotlin.jvm.internal.CallableReference: java.lang.String getSignature()
androidx.window.embedding.SplitPairFilter: java.lang.String secondaryActivityIntentAction
androidx.window.layout.SidecarWindowBackend$Companion: boolean isSidecarVersionSupported(androidx.window.core.Version)
androidx.window.embedding.ExtensionEmbeddingBackend$EmbeddingCallbackImpl: ExtensionEmbeddingBackend$EmbeddingCallbackImpl(androidx.window.embedding.ExtensionEmbeddingBackend)
androidx.window.embedding.MatcherUtils
io.flutter.embedding.engine.FlutterJNI: void nativeSetSemanticsEnabled(long,boolean)
androidx.window.embedding.SplitPairRule: boolean getFinishSecondaryWithPrimary()
androidx.core.R$id: int tag_accessibility_pane_title
androidx.window.embedding.EmbeddingBackend
kotlinx.coroutines.JobSupport: java.lang.Object _parentHandle
io.flutter.embedding.android.DrawableSplashScreen$DrawableSplashScreenView: void setSplashDrawable(android.graphics.drawable.Drawable)
kotlin.coroutines.jvm.internal.ContinuationImpl: void releaseIntercepted()
androidx.window.embedding.EmbeddingBackend: void setSplitRules(java.util.Set)
androidx.window.embedding.ActivityRule: ActivityRule(java.util.Set,boolean)
kotlinx.coroutines.JobSupport$Finishing: java.lang.Object _rootCause
androidx.window.layout.HardwareFoldingFeature$Type: androidx.window.layout.HardwareFoldingFeature$Type access$getHINGE$cp()
androidx.lifecycle.Lifecycle$Event: androidx.lifecycle.Lifecycle$Event ON_ANY
androidx.window.embedding.ExtensionEmbeddingBackend: androidx.window.embedding.EmbeddingInterfaceCompat embeddingExtension
androidx.window.java.R: R()
io.flutter.embedding.engine.renderer.SurfaceTextureWrapper: boolean released
androidx.window.embedding.SplitPlaceholderRule: java.util.Set getFilters()
androidx.window.layout.SidecarCompat: void unregisterComponentCallback(android.app.Activity)
androidx.window.R$styleable: int[] SplitPairFilter
kotlin.coroutines.intrinsics.CoroutineSingletons: kotlin.coroutines.intrinsics.CoroutineSingletons[] values()
androidx.core.R$id: int tag_state_description
androidx.lifecycle.ReportFragment$LifecycleCallbacks: void onActivityPrePaused(android.app.Activity)
androidx.window.embedding.EmbeddingCompat$Companion: androidx.window.extensions.embedding.ActivityEmbeddingComponent embeddingComponent()
androidx.window.layout.SidecarWindowBackend
androidx.window.layout.ExtensionWindowLayoutInfoBackend: java.util.Map activityToListeners
androidx.window.R$styleable: int SplitPairRule_finishPrimaryWithSecondary
androidx.window.embedding.SplitPlaceholderRule: int hashCode()
androidx.window.layout.SidecarWindowBackend: void getWindowLayoutChangeCallbacks$annotations()
androidx.window.layout.SidecarCompat$TranslatingCallback: androidx.window.layout.SidecarCompat this$0
io.flutter.embedding.engine.systemchannels.PlatformChannel$SystemUiOverlay: io.flutter.embedding.engine.systemchannels.PlatformChannel$SystemUiOverlay[] values()
io.flutter.embedding.engine.FlutterJNI: void nativeSurfaceWindowChanged(long,android.view.Surface)
io.flutter.embedding.engine.FlutterJNI: void nativeInit(android.content.Context,java.lang.String[],java.lang.String,java.lang.String,java.lang.String,long)
io.flutter.view.FlutterCallbackInformation: java.lang.String callbackClassName
androidx.window.layout.HardwareFoldingFeature: android.graphics.Rect getBounds()
io.flutter.embedding.engine.FlutterJNI: boolean nativeFlutterTextUtilsIsEmojiModifierBase(int)
androidx.core.R$id: int accessibility_custom_action_18
kotlinx.coroutines.channels.Receive
androidx.window.layout.WindowInfoTrackerImpl: int BUFFER_CAPACITY
androidx.versionedparcelable.CustomVersionedParcelable
io.flutter.plugin.editing.ImeSyncDeferringInsetsCallback: int overlayInsetTypes