build/app/outputs/mapping/release/mapping.txt
# compiler: R8
# compiler_version: 2.0.74
# min_api: 16
# pg_map_id: b0d88ff
# common_typos_disable
...
kotlin.text.CharsKt__CharJVMKt -> f.a0.a:
    int checkRadix(int) -> a
    int digitOf(char,int) -> b
    boolean isWhitespace(char) -> c
kotlin.text.CharsKt__CharKt -> f.a0.b:
    boolean equals(char,char,boolean) -> d
kotlin.text.DelimitedRangesSequence -> f.a0.c:
    java.lang.CharSequence input -> a
    int startIndex -> b
    int limit -> c
    kotlin.jvm.functions.Function2 getNextMatch -> d
    kotlin.jvm.functions.Function2 access$getGetNextMatch$p(kotlin.text.DelimitedRangesSequence) -> a
    java.lang.CharSequence access$getInput$p(kotlin.text.DelimitedRangesSequence) -> b
    int access$getLimit$p(kotlin.text.DelimitedRangesSequence) -> c
    int access$getStartIndex$p(kotlin.text.DelimitedRangesSequence) -> d
kotlin.text.DelimitedRangesSequence$iterator$1 -> f.a0.c$a:
    kotlin.ranges.IntRange nextItem -> g
    int counter -> h
    int nextSearchIndex -> f
    int nextState -> d
    int currentStartIndex -> e
    kotlin.text.DelimitedRangesSequence this$0 -> i
    void calcNext() -> a
    kotlin.ranges.IntRange next() -> b
kotlin.text.StringsKt -> f.a0.d:
    int indexOf$default(java.lang.CharSequence,java.lang.String,int,boolean,int,java.lang.Object) -> A
    int lastIndexOf$default(java.lang.CharSequence,java.lang.String,int,boolean,int,java.lang.Object) -> F
    java.lang.String substringAfter$default(java.lang.String,char,java.lang.String,int,java.lang.Object) -> S
    java.lang.String substringAfter$default(java.lang.String,java.lang.String,java.lang.String,int,java.lang.Object) -> T
    java.lang.String substringAfterLast$default(java.lang.String,char,java.lang.String,int,java.lang.Object) -> V
    java.lang.String substringBefore$default(java.lang.String,char,java.lang.String,int,java.lang.Object) -> Y
    java.lang.String substringBefore$default(java.lang.String,java.lang.String,java.lang.String,int,java.lang.Object) -> Z
    void appendElement(java.lang.Appendable,java.lang.Object,kotlin.jvm.functions.Function1) -> a
    java.lang.CharSequence trim(java.lang.CharSequence) -> a0
    java.lang.String trimIndent(java.lang.String) -> e
    java.lang.Integer toIntOrNull(java.lang.String) -> f
    java.lang.Long toLongOrNull(java.lang.String) -> h
    boolean endsWith$default(java.lang.String,java.lang.String,boolean,int,java.lang.Object) -> k
    boolean isBlank(java.lang.CharSequence) -> l
    boolean startsWith$default(java.lang.String,java.lang.String,boolean,int,java.lang.Object) -> o
kotlin.text.StringsKt__AppendableKt -> f.a0.e:
    void appendElement(java.lang.Appendable,java.lang.Object,kotlin.jvm.functions.Function1) -> a
kotlin.text.StringsKt__IndentKt -> f.a0.f:
    kotlin.jvm.functions.Function1 getIndentFunction$StringsKt__IndentKt(java.lang.String) -> b
    int indentWidth$StringsKt__IndentKt(java.lang.String) -> c
    java.lang.String replaceIndent(java.lang.String,java.lang.String) -> d
    java.lang.String trimIndent(java.lang.String) -> e
kotlin.text.StringsKt__IndentKt$getIndentFunction$1 -> f.a0.f$a:
    kotlin.text.StringsKt__IndentKt$getIndentFunction$1 INSTANCE -> d
    java.lang.String invoke(java.lang.String) -> a
kotlin.text.StringsKt__IndentKt$getIndentFunction$2 -> f.a0.f$b:
    java.lang.String $indent -> d
    java.lang.String invoke(java.lang.String) -> a
kotlin.text.StringsKt__RegexExtensionsJVMKt -> f.a0.g:
kotlin.text.StringsKt__RegexExtensionsKt -> f.a0.h:
kotlin.text.StringsKt__StringBuilderJVMKt -> f.a0.i:
kotlin.text.StringsKt__StringBuilderKt -> f.a0.j:
kotlin.text.StringsKt__StringNumberConversionsJVMKt -> f.a0.k:
kotlin.text.StringsKt__StringNumberConversionsKt -> f.a0.l:
    java.lang.Integer toIntOrNull(java.lang.String) -> f
    java.lang.Integer toIntOrNull(java.lang.String,int) -> g
    java.lang.Long toLongOrNull(java.lang.String) -> h
    java.lang.Long toLongOrNull(java.lang.String,int) -> i