build/app/outputs/mapping/release/usage.txt
androidx.annotation.GuardedBy
kotlin.jvm.KotlinReflectionNotSupportedError:
    public void <init>(java.lang.String)
    public void <init>(java.lang.String,java.lang.Throwable)
    public void <init>(java.lang.Throwable)
kotlin.ranges.ULongProgressionIterator
kotlinx.coroutines.CoroutineDispatcher:
    public void dispatchYield(kotlin.coroutines.CoroutineContext,java.lang.Runnable)
    public final kotlinx.coroutines.CoroutineDispatcher plus(kotlinx.coroutines.CoroutineDispatcher)
androidx.core.R$integer
kotlinx.coroutines.flow.FlowKt__LimitKt$drop$$inlined$unsafeFlow$1
kotlinx.coroutines.Job$DefaultImpls:
    public static synthetic void cancel(kotlinx.coroutines.Job)
    public static synthetic boolean cancel$default(kotlinx.coroutines.Job,java.lang.Throwable,int,java.lang.Object)
    public static kotlinx.coroutines.Job plus(kotlinx.coroutines.Job,kotlinx.coroutines.Job)
kotlin.jvm.JvmSuppressWildcards
kotlin.collections.ArraysKt___ArraysKt$asIterable$$inlined$Iterable$6
androidx.core.view.ViewCompat$Api21Impl$1
kotlinx.coroutines.EventLoopImplBase:
    public void scheduleResumeAfterDelay(long,kotlinx.coroutines.CancellableContinuation)
    protected final kotlinx.coroutines.DisposableHandle scheduleInvokeOnTimeout(long,java.lang.Runnable)
    public kotlinx.coroutines.DisposableHandle invokeOnTimeout(long,java.lang.Runnable,kotlin.coroutines.CoroutineContext)
    public java.lang.Object delay(long,kotlin.coroutines.Continuation)
kotlinx.coroutines.sync.SemaphoreKt
kotlin.sequences.SequencesKt___SequencesKt:
    public static final boolean contains(kotlin.sequences.Sequence,java.lang.Object)
    public static final java.lang.Object elementAt(kotlin.sequences.Sequence,int)
    public static final java.lang.Object elementAtOrElse(kotlin.sequences.Sequence,int,kotlin.jvm.functions.Function1)
    public static final java.lang.Object elementAtOrNull(kotlin.sequences.Sequence,int)
    private static final java.lang.Object find(kotlin.sequences.Sequence,kotlin.jvm.functions.Function1)
    private static final java.lang.Object findLast(kotlin.sequences.Sequence,kotlin.jvm.functions.Function1)
    public static final java.lang.Object first(kotlin.sequences.Sequence)
    public static final java.lang.Object first(kotlin.sequences.Sequence,kotlin.jvm.functions.Function1)
    private static final java.lang.Object firstNotNullOf(kotlin.sequences.Sequence,kotlin.jvm.functions.Function1)
    private static final java.lang.Object firstNotNullOfOrNull(kotlin.sequences.Sequence,kotlin.jvm.functions.Function1)
    public static final java.lang.Object firstOrNull(kotlin.sequences.Sequence)
    public static final java.lang.Object firstOrNull(kotlin.sequences.Sequence,kotlin.jvm.functions.Function1)
    public static final int indexOf(kotlin.sequences.Sequence,java.lang.Object)
    public static final int indexOfFirst(kotlin.sequences.Sequence,kotlin.jvm.functions.Function1)
androidx.core.graphics.BlendModeColorFilterCompat
kotlin.sequences.SequencesKt___SequencesKt$groupingBy$1
io.flutter.embedding.engine.plugins.service.ServiceControlSurface
kotlinx.coroutines.sync.Mutex
kotlinx.coroutines.flow.FlowKt__ErrorsKt$catch$$inlined$unsafeFlow$1
kotlin.text.MatchNamedGroupCollection
io.flutter.embedding.engine.loader.FlutterLoader$Settings:
    public void setLogTag(java.lang.String)
androidx.core.util.Pools$SynchronizedPool
kotlin.jvm.functions.Function15:
    public abstract java.lang.Object invoke(java.lang.Object,java.lang.Object,java.lang.Object,java.lang.Object,java.lang.Object,java.lang.Object,java.lang.Object,java.lang.Object,java.lang.Object,java.lang.Object,java.lang.Object,java.lang.Object,java.lang.Object,java.lang.Object,java.lang.Object)
kotlinx.coroutines.channels.AbstractSendChannel$enqueueSend$$inlined$addLastIfPrevAndIf$1
androidx.core.app.ShareCompat
androidx.core.content.SharedPreferencesCompat$EditorCompat
androidx.core.view.ViewCompat$Api30Impl
kotlin.collections.ArraysKt___ArraysKt$asSequence$$inlined$Sequence$9